<?xml version="1.0" encoding="UTF-8"?>
<!-- Generated by org.testng.reporters.JUnitReportReporter -->
<testsuite hostname="DESKTOP-AB6BR8M" failures="0" tests="1" name="TestScripts.DeleteAddress" time="18.176" errors="0" timestamp="2024-03-25T07:03:18 IST" skipped="0">
  <testcase classname="TestScripts.DeleteAddress" name="delete" time="18.176"/>
</testsuite> <!-- TestScripts.DeleteAddress -->
