<?xml version="1.0" encoding="UTF-8"?>
<!-- Generated by org.testng.reporters.JUnitReportReporter -->
<testsuite hostname="DESKTOP-AB6BR8M" failures="0" tests="1" name="TestScripts.Working_With_addAddress_Test" time="12.557" errors="0" timestamp="2024-03-25T10:16:27 IST" skipped="0">
  <testcase classname="TestScripts.Working_With_addAddress_Test" name="addAddress" time="12.557"/>
</testsuite> <!-- TestScripts.Working_With_addAddress_Test -->
