<?xml version="1.0" encoding="UTF-8"?>
<!-- Generated by org.testng.reporters.JUnitReportReporter -->
<testsuite hostname="DESKTOP-AB6BR8M" failures="0" tests="1" name="TestScripts.Working_With_addAddress" time="15.246" errors="0" timestamp="2024-03-25T07:02:05 IST" skipped="0">
  <testcase classname="TestScripts.Working_With_addAddress" name="addAddress" time="15.246"/>
</testsuite> <!-- TestScripts.Working_With_addAddress -->
