<?xml version="1.0" encoding="UTF-8"?>
<!-- Generated by org.testng.reporters.JUnitReportReporter -->
<testsuite hostname="DESKTOP-AB6BR8M" failures="0" tests="1" name="TestScripts.Working_With_addAddress_Test" time="13.101" errors="0" timestamp="2024-03-25T10:18:14 IST" skipped="0">
  <testcase classname="TestScripts.Working_With_addAddress_Test" name="addAddress" time="13.101"/>
</testsuite> <!-- TestScripts.Working_With_addAddress_Test -->
